TN:
SF:app.js
FNF:0
FNH:0
DA:1,1
DA:2,1
DA:3,1
DA:4,1
DA:5,1
DA:6,1
DA:7,1
DA:8,1
DA:9,1
DA:10,1
DA:11,1
DA:12,1
DA:13,1
DA:14,1
DA:15,1
DA:16,1
DA:17,1
DA:18,1
DA:19,1
DA:20,1
LF:20
LH:20
BRDA:16,0,0,1
BRF:1
BRH:1
end_of_record
TN:
SF:config/config.js
FNF:0
FNH:0
DA:1,1
DA:2,1
DA:3,1
DA:4,1
DA:5,1
DA:6,1
DA:7,1
DA:8,1
DA:9,1
DA:10,1
DA:11,1
DA:12,1
DA:13,1
DA:14,1
DA:15,1
DA:16,1
DA:17,1
DA:18,1
DA:19,1
DA:20,1
DA:21,1
DA:22,1
DA:23,1
DA:24,1
DA:25,1
DA:26,1
DA:27,1
DA:28,1
DA:29,1
DA:30,1
DA:31,1
DA:32,1
DA:33,1
DA:34,1
LF:34
LH:34
BRF:0
BRH:0
end_of_record
TN:
SF:controller/auth.js
FN:11,login
FNF:1
FNH:1
FNDA:6,login
DA:1,1
DA:2,1
DA:3,1
DA:4,1
DA:5,1
DA:6,1
DA:7,1
DA:8,1
DA:9,1
DA:10,1
DA:11,1
DA:12,6
DA:13,6
DA:14,6
DA:15,6
DA:16,6
DA:17,2
DA:18,2
DA:19,2
DA:20,2
DA:21,6
DA:22,4
DA:23,6
DA:24,2
DA:25,2
DA:26,2
DA:27,2
DA:28,2
DA:29,2
DA:30,2
DA:31,2
DA:32,2
DA:33,2
DA:34,2
DA:35,2
DA:36,2
DA:37,2
DA:38,2
DA:39,2
DA:40,2
DA:41,2
DA:42,1
LF:42
LH:42
BRDA:11,0,0,6
BRDA:16,1,0,2
BRDA:21,2,0,4
BRDA:23,3,0,2
BRF:4
BRH:4
end_of_record
TN:
SF:controller/biodata.js
FN:4,getBiodata
FN:15,createBiodata
FN:34,updateBiodata
FN:52,deleteBiodata
FNF:4
FNH:4
FNDA:1,getBiodata
FNDA:1,createBiodata
FNDA:1,updateBiodata
FNDA:1,deleteBiodata
DA:1,1
DA:2,1
DA:3,1
DA:4,1
DA:5,1
DA:6,1
DA:7,1
DA:8,1
DA:9,1
DA:10,1
DA:11,1
DA:12,1
DA:13,1
DA:14,1
DA:15,1
DA:16,1
DA:17,1
DA:18,1
DA:19,1
DA:20,1
DA:21,1
DA:22,1
DA:23,1
DA:24,1
DA:25,1
DA:26,1
DA:27,1
DA:28,1
DA:29,1
DA:30,1
DA:31,0
DA:32,0
DA:33,1
DA:34,1
DA:35,1
DA:36,1
DA:37,1
DA:38,1
DA:39,1
DA:40,1
DA:41,1
DA:42,1
DA:43,1
DA:44,1
DA:45,1
DA:46,1
DA:47,1
DA:48,1
DA:49,0
DA:50,0
DA:51,1
DA:52,1
DA:53,1
DA:54,1
DA:55,1
DA:56,1
DA:57,1
DA:58,1
DA:59,1
DA:60,1
DA:61,1
DA:62,1
LF:62
LH:58
BRDA:4,0,0,1
BRDA:15,1,0,1
BRDA:30,2,0,0
BRDA:34,3,0,1
BRDA:48,4,0,0
BRDA:52,5,0,1
BRF:6
BRH:4
end_of_record
TN:
SF:controller/gameHistory.js
FN:4,getUserGameHistory
FN:25,createUserGameHistory
FN:43,updateUserGameHistory
FN:74,deleteGameHistory
FNF:4
FNH:4
FNDA:1,getUserGameHistory
FNDA:1,createUserGameHistory
FNDA:2,updateUserGameHistory
FNDA:1,deleteGameHistory
DA:1,1
DA:2,1
DA:3,1
DA:4,1
DA:5,1
DA:6,1
DA:7,1
DA:8,1
DA:9,1
DA:10,1
DA:11,0
DA:12,0
DA:13,0
DA:14,0
DA:15,0
DA:16,1
DA:17,1
DA:18,1
DA:19,1
DA:20,1
DA:21,1
DA:22,0
DA:23,0
DA:24,1
DA:25,1
DA:26,1
DA:27,1
DA:28,1
DA:29,1
DA:30,1
DA:31,1
DA:32,1
DA:33,1
DA:34,1
DA:35,1
DA:36,1
DA:37,1
DA:38,1
DA:39,1
DA:40,0
DA:41,0
DA:42,1
DA:43,1
DA:44,2
DA:45,2
DA:46,2
DA:47,2
DA:48,2
DA:49,2
DA:50,2
DA:51,1
DA:52,1
DA:53,1
DA:54,1
DA:55,1
DA:56,2
DA:57,0
DA:58,0
DA:59,0
DA:60,0
DA:61,0
DA:62,1
DA:63,1
DA:64,1
DA:65,1
DA:66,1
DA:67,1
DA:68,1
DA:69,1
DA:70,2
DA:71,0
DA:72,0
DA:73,1
DA:74,1
DA:75,1
DA:76,1
DA:77,1
DA:78,1
DA:79,1
DA:80,1
DA:81,0
DA:82,0
DA:83,0
DA:84,0
DA:85,0
DA:86,1
DA:87,1
DA:88,1
DA:89,1
DA:90,1
DA:91,1
DA:92,0
DA:93,0
DA:94,1
DA:95,1
LF:95
LH:72
BRDA:4,0,0,1
BRDA:10,1,0,0
BRDA:21,2,0,0
BRDA:25,3,0,1
BRDA:39,4,0,0
BRDA:43,5,0,2
BRDA:50,6,0,1
BRDA:56,7,0,0
BRDA:61,8,0,1
BRDA:70,9,0,0
BRDA:74,10,0,1
BRDA:80,11,0,0
BRDA:91,12,0,0
BRF:13
BRH:6
end_of_record
TN:
SF:controller/user.js
FN:6,getAllData
FN:24,getDetailUser
FN:41,createNewUser
FN:68,updateDataUser
FN:91,deleteDataUser
FNF:5
FNH:5
FNDA:2,getAllData
FNDA:2,getDetailUser
FNDA:4,createNewUser
FNDA:2,updateDataUser
FNDA:2,deleteDataUser
DA:1,1
DA:2,1
DA:3,1
DA:4,1
DA:5,1
DA:6,1
DA:7,2
DA:8,2
DA:9,2
DA:10,0
DA:11,0
DA:12,0
DA:13,0
DA:14,0
DA:15,2
DA:16,2
DA:17,2
DA:18,2
DA:19,2
DA:20,2
DA:21,0
DA:22,0
DA:23,1
DA:24,1
DA:25,2
DA:26,2
DA:27,2
DA:28,2
DA:29,2
DA:30,1
DA:31,1
DA:32,1
DA:33,1
DA:34,1
DA:35,1
DA:36,1
DA:37,1
DA:38,1
DA:39,1
DA:40,1
DA:41,1
DA:42,4
DA:43,4
DA:44,4
DA:45,4
DA:46,4
DA:47,2
DA:48,2
DA:49,2
DA:50,2
DA:51,2
DA:52,2
DA:53,2
DA:54,2
DA:55,2
DA:56,2
DA:57,2
DA:58,2
DA:59,2
DA:60,2
DA:61,2
DA:62,2
DA:63,2
DA:64,2
DA:65,2
DA:66,2
DA:67,2
DA:68,1
DA:69,2
DA:70,2
DA:71,2
DA:72,2
DA:73,2
DA:74,2
DA:75,2
DA:76,1
DA:77,1
DA:78,1
DA:79,1
DA:80,1
DA:81,1
DA:82,1
DA:83,1
DA:84,1
DA:85,1
DA:86,1
DA:87,1
DA:88,1
DA:89,1
DA:90,1
DA:91,1
DA:92,2
DA:93,2
DA:94,2
DA:95,2
DA:96,2
DA:97,1
DA:98,1
DA:99,1
DA:100,1
DA:101,1
DA:102,1
DA:103,1
DA:104,1
DA:105,1
DA:106,1
DA:107,1
DA:108,1
DA:109,1
DA:110,1
LF:110
LH:103
BRDA:6,0,0,2
BRDA:9,1,0,0
BRDA:20,2,0,0
BRDA:24,3,0,2
BRDA:29,4,0,1
BRDA:41,5,0,4
BRDA:46,6,0,2
BRDA:68,7,0,2
BRDA:75,8,0,1
BRDA:91,9,0,2
BRDA:96,10,0,1
BRF:11
BRH:9
end_of_record
TN:
SF:helper/middleware.js
FN:6,mustLogin
FN:28,isUserExist
FN:44,isBiodataExist
FNF:3
FNH:3
FNDA:20,mustLogin
FNDA:18,isUserExist
FNDA:3,isBiodataExist
DA:1,1
DA:2,1
DA:3,1
DA:4,1
DA:5,1
DA:6,1
DA:7,20
DA:8,20
DA:9,20
DA:10,2
DA:11,2
DA:12,2
DA:13,2
DA:14,2
DA:15,18
DA:16,18
DA:17,18
DA:18,20
DA:19,0
DA:20,0
DA:21,0
DA:22,0
DA:23,0
DA:24,0
DA:25,0
DA:26,0
DA:27,1
DA:28,1
DA:29,18
DA:30,18
DA:31,18
DA:32,18
DA:33,18
DA:34,18
DA:35,9
DA:36,9
DA:37,9
DA:38,9
DA:39,9
DA:40,9
DA:41,18
DA:42,0
DA:43,0
DA:44,1
DA:45,3
DA:46,3
DA:47,3
DA:48,3
DA:49,3
DA:50,3
DA:51,3
DA:52,0
DA:53,0
DA:54,0
DA:55,0
DA:56,0
DA:57,3
DA:58,3
DA:59,0
DA:60,0
DA:61,3
DA:62,1
LF:62
LH:45
BRDA:6,0,0,20
BRDA:9,1,0,2
BRDA:14,2,0,18
BRDA:18,3,0,0
BRDA:28,4,0,18
BRDA:34,5,0,9
BRDA:41,6,0,0
BRDA:44,7,0,3
BRDA:51,8,0,0
BRDA:58,9,0,0
BRF:10
BRH:6
end_of_record
TN:
SF:models/index.js
FNF:0
FNH:0
DA:1,1
DA:2,1
DA:3,1
DA:4,1
DA:5,1
DA:6,1
DA:7,1
DA:8,1
DA:9,1
DA:10,1
DA:11,1
DA:12,1
DA:13,0
DA:14,1
DA:15,1
DA:16,1
DA:17,1
DA:18,1
DA:19,1
DA:20,1
DA:21,12
DA:22,12
DA:23,1
DA:24,9
DA:25,9
DA:26,1
DA:27,1
DA:28,1
DA:29,9
DA:30,9
DA:31,9
DA:32,1
DA:33,1
DA:34,1
DA:35,1
DA:36,1
DA:37,1
LF:37
LH:36
BRDA:7,0,0,0
BRDA:12,1,0,0
BRDA:20,2,0,12
BRDA:21,3,0,9
BRDA:23,4,0,9
BRDA:28,5,0,9
BRF:6
BRH:4
end_of_record
TN:
SF:models/user_game.js
FN:5,Object.<anonymous>.module.exports
FN:12,associate
FNF:2
FNH:2
FNDA:3,Object.<anonymous>.module.exports
FNDA:3,associate
DA:1,1
DA:2,1
DA:3,1
DA:4,1
DA:5,1
DA:6,3
DA:7,3
DA:8,3
DA:9,3
DA:10,3
DA:11,3
DA:12,3
DA:13,3
DA:14,3
DA:15,3
DA:16,3
DA:17,3
DA:18,3
DA:19,3
DA:20,3
DA:21,3
DA:22,3
DA:23,3
DA:24,3
LF:24
LH:24
BRDA:5,0,0,3
BRDA:12,1,0,3
BRF:2
BRH:2
end_of_record
TN:
SF:models/user_game_biodata.js
FN:5,Object.<anonymous>.module.exports
FN:12,associate
FNF:2
FNH:2
FNDA:3,Object.<anonymous>.module.exports
FNDA:3,associate
DA:1,1
DA:2,1
DA:3,1
DA:4,1
DA:5,1
DA:6,3
DA:7,3
DA:8,3
DA:9,3
DA:10,3
DA:11,3
DA:12,3
DA:13,3
DA:14,3
DA:15,3
DA:16,3
DA:17,3
DA:18,3
DA:19,3
DA:20,3
DA:21,3
DA:22,3
DA:23,3
DA:24,3
DA:25,3
DA:26,3
DA:27,3
LF:27
LH:27
BRDA:5,0,0,3
BRDA:12,1,0,3
BRF:2
BRH:2
end_of_record
TN:
SF:models/user_game_history.js
FN:5,Object.<anonymous>.module.exports
FN:12,associate
FNF:2
FNH:2
FNDA:3,Object.<anonymous>.module.exports
FNDA:3,associate
DA:1,1
DA:2,1
DA:3,1
DA:4,1
DA:5,1
DA:6,3
DA:7,3
DA:8,3
DA:9,3
DA:10,3
DA:11,3
DA:12,3
DA:13,3
DA:14,3
DA:15,3
DA:16,3
DA:17,3
DA:18,3
DA:19,3
DA:20,3
DA:21,3
DA:22,3
DA:23,3
DA:24,3
DA:25,3
DA:26,3
DA:27,3
LF:27
LH:27
BRDA:5,0,0,3
BRDA:12,1,0,3
BRF:2
BRH:2
end_of_record
TN:
SF:routes/auth.js
FNF:0
FNH:0
DA:1,1
DA:2,1
DA:3,1
DA:4,1
DA:5,1
DA:6,1
DA:7,1
LF:7
LH:7
BRF:0
BRH:0
end_of_record
TN:
SF:routes/biodata.js
FNF:0
FNH:0
DA:1,1
DA:2,1
DA:3,1
DA:4,1
DA:5,1
DA:6,1
DA:7,1
DA:8,1
DA:9,1
DA:10,1
DA:11,1
LF:11
LH:11
BRF:0
BRH:0
end_of_record
TN:
SF:routes/history.js
FNF:0
FNH:0
DA:1,1
DA:2,1
DA:3,1
DA:4,1
DA:5,1
DA:6,1
DA:7,1
DA:8,1
DA:9,1
DA:10,1
LF:10
LH:10
BRF:0
BRH:0
end_of_record
TN:
SF:routes/user.js
FNF:0
FNH:0
DA:1,1
DA:2,1
DA:3,1
DA:4,1
DA:5,1
DA:6,1
DA:7,1
DA:8,1
DA:9,1
DA:10,1
DA:11,1
LF:11
LH:11
BRF:0
BRH:0
end_of_record
